# JRE version: 7.0_25-b30
# Java VM: OpenJDK 64-Bit Server VM (23.7-b01 mixed mode linux-amd64 compressed oops)
Heap
 PSYoungGen      total 7936K, used 3888K [0x00000000ebeb0000, 0x00000000ec770000, 0x0000000100000000)
  eden space 7168K, 52% used [0x00000000ebeb0000,0x00000000ec25c248,0x00000000ec5b0000)
  from space 768K, 16% used [0x00000000ec6b0000,0x00000000ec6d0000,0x00000000ec770000)
  to   space 896K, 0% used [0x00000000ec5b0000,0x00000000ec5b0000,0x00000000ec690000)
 ParOldGen       total 38656K, used 16294K [0x00000000c3c00000, 0x00000000c61c0000, 0x00000000ebeb0000)
  object space 38656K, 42% used [0x00000000c3c00000,0x00000000c4be9958,0x00000000c61c0000)
 PSPermGen       total 40704K, used 20373K [0x00000000b9600000, 0x00000000bbdc0000, 0x00000000c3c00000)
  object space 40704K, 50% used [0x00000000b9600000,0x00000000ba9e5668,0x00000000bbdc0000)
GC Heap History (10 events):
Event: 257,539 GC heap before
{Heap before GC invocations=47 (full 1):
 PSYoungGen      total 7680K, used 7648K [0x00000000ebeb0000, 0x00000000ec880000, 0x0000000100000000)
  eden space 7488K, 100% used [0x00000000ebeb0000,0x00000000ec600000,0x00000000ec600000)
  from space 192K, 83% used [0x00000000ec610000,0x00000000ec638000,0x00000000ec640000)
  to   space 1280K, 0% used [0x00000000ec740000,0x00000000ec740000,0x00000000ec880000)
 ParOldGen       total 38656K, used 16238K [0x00000000c3c00000, 0x00000000c61c0000, 0x00000000ebeb0000)
  object space 38656K, 42% used [0x00000000c3c00000,0x00000000c4bdb958,0x00000000c61c0000)
 PSPermGen       total 40704K, used 20373K [0x00000000b9600000, 0x00000000bbdc0000, 0x00000000c3c00000)
  object space 40704K, 50% used [0x00000000b9600000,0x00000000ba9e54c0,0x00000000bbdc0000)
Event: 257,541 GC heap after
Heap after GC invocations=47 (full 1):
 PSYoungGen      total 8512K, used 128K [0x00000000ebeb0000, 0x00000000ec850000, 0x0000000100000000)
  eden space 7424K, 0% used [0x00000000ebeb0000,0x00000000ebeb0000,0x00000000ec5f0000)
  from space 1088K, 11% used [0x00000000ec740000,0x00000000ec760000,0x00000000ec850000)
  to   space 1216K, 0% used [0x00000000ec5f0000,0x00000000ec5f0000,0x00000000ec720000)
 ParOldGen       total 38656K, used 16246K [0x00000000c3c00000, 0x00000000c61c0000, 0x00000000ebeb0000)
  object space 38656K, 42% used [0x00000000c3c00000,0x00000000c4bdd958,0x00000000c61c0000)
 PSPermGen       total 40704K, used 20373K [0x00000000b9600000, 0x00000000bbdc0000, 0x00000000c3c00000)
  object space 40704K, 50% used [0x00000000b9600000,0x00000000ba9e54c0,0x00000000bbdc0000)
}
Event: 259,624 GC heap before
{Heap before GC invocations=48 (full 1):
 PSYoungGen      total 8512K, used 7552K [0x00000000ebeb0000, 0x00000000ec850000, 0x0000000100000000)
  eden space 7424K, 100% used [0x00000000ebeb0000,0x00000000ec5f0000,0x00000000ec5f0000)
  from space 1088K, 11% used [0x00000000ec740000,0x00000000ec760000,0x00000000ec850000)
  to   space 1216K, 0% used [0x00000000ec5f0000,0x00000000ec5f0000,0x00000000ec720000)
 ParOldGen       total 38656K, used 16246K [0x00000000c3c00000, 0x00000000c61c0000, 0x00000000ebeb0000)
  object space 38656K, 42% used [0x00000000c3c00000,0x00000000c4bdd958,0x00000000c61c0000)
 PSPermGen       total 40704K, used 20373K [0x00000000b9600000, 0x00000000bbdc0000, 0x00000000c3c00000)
  object space 40704K, 50% used [0x00000000b9600000,0x00000000ba9e54e0,0x00000000bbdc0000)
Event: 259,627 GC heap after
Heap after GC invocations=48 (full 1):
 PSYoungGen      total 7488K, used 96K [0x00000000ebeb0000, 0x00000000ec800000, 0x0000000100000000)
  eden space 7360K, 0% used [0x00000000ebeb0000,0x00000000ebeb0000,0x00000000ec5e0000)
  from space 128K, 75% used [0x00000000ec5f0000,0x00000000ec608000,0x00000000ec610000)
  to   space 1088K, 0% used [0x00000000ec6f0000,0x00000000ec6f0000,0x00000000ec800000)
 ParOldGen       total 38656K, used 16254K [0x00000000c3c00000, 0x00000000c61c0000, 0x00000000ebeb0000)
  object space 38656K, 42% used [0x00000000c3c00000,0x00000000c4bdf958,0x00000000c61c0000)
 PSPermGen       total 40704K, used 20373K [0x00000000b9600000, 0x00000000bbdc0000, 0x00000000c3c00000)
  object space 40704K, 50% used [0x00000000b9600000,0x00000000ba9e54e0,0x00000000bbdc0000)
}
Event: 261,890 GC heap before
{Heap before GC invocations=49 (full 1):
 PSYoungGen      total 7488K, used 7456K [0x00000000ebeb0000, 0x00000000ec800000, 0x0000000100000000)
  eden space 7360K, 100% used [0x00000000ebeb0000,0x00000000ec5e0000,0x00000000ec5e0000)
  from space 128K, 75% used [0x00000000ec5f0000,0x00000000ec608000,0x00000000ec610000)
  to   space 1088K, 0% used [0x00000000ec6f0000,0x00000000ec6f0000,0x00000000ec800000)
 ParOldGen       total 38656K, used 16254K [0x00000000c3c00000, 0x00000000c61c0000, 0x00000000ebeb0000)
  object space 38656K, 42% used [0x00000000c3c00000,0x00000000c4bdf958,0x00000000c61c0000)
 PSPermGen       total 40704K, used 20373K [0x00000000b9600000, 0x00000000bbdc0000, 0x00000000c3c00000)
  object space 40704K, 50% used [0x00000000b9600000,0x00000000ba9e54e0,0x00000000bbdc0000)
Event: 261,893 GC heap after
Heap after GC invocations=49 (full 1):
 PSYoungGen      total 8192K, used 96K [0x00000000ebeb0000, 0x00000000ec7d0000, 0x0000000100000000)
  eden space 7296K, 0% used [0x00000000ebeb0000,0x00000000ebeb0000,0x00000000ec5d0000)
  from space 896K, 10% used [0x00000000ec6f0000,0x00000000ec708000,0x00000000ec7d0000)
  to   space 1024K, 0% used [0x00000000ec5d0000,0x00000000ec5d0000,0x00000000ec6d0000)
 ParOldGen       total 38656K, used 16262K [0x00000000c3c00000, 0x00000000c61c0000, 0x00000000ebeb0000)
  object space 38656K, 42% used [0x00000000c3c00000,0x00000000c4be1958,0x00000000c61c0000)
 PSPermGen       total 40704K, used 20373K [0x00000000b9600000, 0x00000000bbdc0000, 0x00000000c3c00000)
  object space 40704K, 50% used [0x00000000b9600000,0x00000000ba9e54e0,0x00000000bbdc0000)
}
Event: 263,970 GC heap before
{Heap before GC invocations=50 (full 1):
 PSYoungGen      total 8192K, used 7392K [0x00000000ebeb0000, 0x00000000ec7d0000, 0x0000000100000000)
  eden space 7296K, 100% used [0x00000000ebeb0000,0x00000000ec5d0000,0x00000000ec5d0000)
  from space 896K, 10% used [0x00000000ec6f0000,0x00000000ec708000,0x00000000ec7d0000)
  to   space 1024K, 0% used [0x00000000ec5d0000,0x00000000ec5d0000,0x00000000ec6d0000)
 ParOldGen       total 38656K, used 16262K [0x00000000c3c00000, 0x00000000c61c0000, 0x00000000ebeb0000)
  object space 38656K, 42% used [0x00000000c3c00000,0x00000000c4be1958,0x00000000c61c0000)
 PSPermGen       total 40704K, used 20373K [0x00000000b9600000, 0x00000000bbdc0000, 0x00000000c3c00000)
  object space 40704K, 50% used [0x00000000b9600000,0x00000000ba9e5500,0x00000000bbdc0000)
Event: 263,972 GC heap after
Heap after GC invocations=50 (full 1):
 PSYoungGen      total 7360K, used 128K [0x00000000ebeb0000, 0x00000000ec7a0000, 0x0000000100000000)
  eden space 7232K, 0% used [0x00000000ebeb0000,0x00000000ebeb0000,0x00000000ec5c0000)
  from space 128K, 100% used [0x00000000ec5d0000,0x00000000ec5f0000,0x00000000ec5f0000)
  to   space 960K, 0% used [0x00000000ec6b0000,0x00000000ec6b0000,0x00000000ec7a0000)
 ParOldGen       total 38656K, used 16278K [0x00000000c3c00000, 0x00000000c61c0000, 0x00000000ebeb0000)
  object space 38656K, 42% used [0x00000000c3c00000,0x00000000c4be5958,0x00000000c61c0000)
 PSPermGen       total 40704K, used 20373K [0x00000000b9600000, 0x00000000bbdc0000, 0x00000000c3c00000)
  object space 40704K, 50% used [0x00000000b9600000,0x00000000ba9e5500,0x00000000bbdc0000)
}
Event: 266,369 GC heap before
{Heap before GC invocations=51 (full 1):
 PSYoungGen      total 7360K, used 7360K [0x00000000ebeb0000, 0x00000000ec7a0000, 0x0000000100000000)
  eden space 7232K, 100% used [0x00000000ebeb0000,0x00000000ec5c0000,0x00000000ec5c0000)
  from space 128K, 100% used [0x00000000ec5d0000,0x00000000ec5f0000,0x00000000ec5f0000)
  to   space 960K, 0% used [0x00000000ec6b0000,0x00000000ec6b0000,0x00000000ec7a0000)
 ParOldGen       total 38656K, used 16278K [0x00000000c3c00000, 0x00000000c61c0000, 0x00000000ebeb0000)
  object space 38656K, 42% used [0x00000000c3c00000,0x00000000c4be5958,0x00000000c61c0000)
 PSPermGen       total 40704K, used 20373K [0x00000000b9600000, 0x00000000bbdc0000, 0x00000000c3c00000)
  object space 40704K, 50% used [0x00000000b9600000,0x00000000ba9e5668,0x00000000bbdc0000)
Event: 266,372 GC heap after
Heap after GC invocations=51 (full 1):
 PSYoungGen      total 7936K, used 128K [0x00000000ebeb0000, 0x00000000ec770000, 0x0000000100000000)
  eden space 7168K, 0% used [0x00000000ebeb0000,0x00000000ebeb0000,0x00000000ec5b0000)
  from space 768K, 16% used [0x00000000ec6b0000,0x00000000ec6d0000,0x00000000ec770000)
  to   space 896K, 0% used [0x00000000ec5b0000,0x00000000ec5b0000,0x00000000ec690000)
 ParOldGen       total 38656K, used 16294K [0x00000000c3c00000, 0x00000000c61c0000, 0x00000000ebeb0000)
  object space 38656K, 42% used [0x00000000c3c00000,0x00000000c4be9958,0x00000000c61c0000)
 PSPermGen       total 40704K, used 20373K [0x00000000b9600000, 0x00000000bbdc0000, 0x00000000c3c00000)
  object space 40704K, 50% used [0x00000000b9600000,0x00000000ba9e5668,0x00000000bbdc0000)
}

